<?xml version="1.0" encoding="UTF-8"?>
<!-- Generated by org.testng.reporters.JUnitReportReporter -->
<testsuite hostname="zeldris" failures="0" tests="1" name="jokowaskito.api.test.run.Test03_PUT" time="3.526" errors="0" timestamp="2022-02-04T11:18:57 WIB" skipped="0">
  <testcase classname="jokowaskito.api.test.run.Test03_PUT" name="test03_put" time="3.526"/>
  <system-out/>
</testsuite> <!-- jokowaskito.api.test.run.Test03_PUT -->
