<?xml version="1.0" encoding="UTF-8"?>
<!-- Generated by org.testng.reporters.JUnitReportReporter -->
<testsuite hostname="zeldris" failures="0" tests="1" name="jokowaskito.api.test.run.Test02_POST" time="3.601" errors="0" timestamp="2022-02-04T11:18:22 WIB" skipped="0">
  <testcase classname="jokowaskito.api.test.run.Test02_POST" name="test02_post" time="3.601"/>
  <system-out/>
</testsuite> <!-- jokowaskito.api.test.run.Test02_POST -->
