<?xml version="1.0" encoding="UTF-8"?>
<!-- Generated by org.testng.reporters.JUnitReportReporter -->
<testsuite hostname="zeldris" failures="0" tests="1" name="jokowaskito.api.test.run.Test04_DELETE" time="3.431" errors="0" timestamp="2022-02-04T11:19:15 WIB" skipped="0">
  <testcase classname="jokowaskito.api.test.run.Test04_DELETE" name="test04_delete" time="3.431"/>
  <system-out/>
</testsuite> <!-- jokowaskito.api.test.run.Test04_DELETE -->
